(node:80792) ExperimentalWarning: CommonJS module /root/.nvm/versions/node/v23.3.0/lib/node_modules/npm/node_modules/debug/src/node.js is loading ES Module /root/.nvm/versions/node/v23.3.0/lib/node_modules/npm/node_modules/supports-color/index.js using require().
Support for loading ES Module in require() is an experimental feature and might change at any time
(Use `node --trace-warnings ...` to show where the warning was created)


  VITE v4.5.3  ready in 691 ms

  ➜  Local:   http://localhost:5173/
  ➜  Network: http://10.0.0.66:5173/
  ➜  Network: http://172.18.0.1:5173/
  ➜  Network: http://172.17.0.1:5173/
  ➜  Network: http://172.21.0.1:5173/
NotFound [Error]: Not found: /error
    at resolve (/mnt/extendedblock/penguinmod-backendapi/PenguinMod-BackendApi/PenguinMod-Home/node_modules/@sveltejs/kit/src/runtime/server/respond.js:483:13)
    at resolve (/mnt/extendedblock/penguinmod-backendapi/PenguinMod-BackendApi/PenguinMod-Home/node_modules/@sveltejs/kit/src/runtime/server/respond.js:277:5)
    at Object.eval [as handle] (/mnt/extendedblock/penguinmod-backendapi/PenguinMod-BackendApi/PenguinMod-Home/node_modules/@sveltejs/kit/src/runtime/server/index.js:49:56)
    at Module.respond (/mnt/extendedblock/penguinmod-backendapi/PenguinMod-BackendApi/PenguinMod-Home/node_modules/@sveltejs/kit/src/runtime/server/respond.js:274:40) {
  status: 404
}
waaaaaaarmer.....
your tempurture is!!!!!!!!!!! mild.
waaaaaaarmer.....
(node:80804) [DEP0040] DeprecationWarning: The `punycode` module is deprecated. Please use a userland alternative instead.
(Use `node --trace-deprecation ...` to show where the warning was created)
dude just got owned by the js random number generater at a whoping 96.13% off from success
yeah thats the right direction
your tempurture is!!!!!!!!!!! mild.
dude, are how unlucky are you dear god
my g what are you doing, go back to 50%<
boowomp, you got nothing
getting warmer :)
colder....
dude just got owned by the js random number generater at a whoping 95.56% off from success
cooolder.....
your tempurture is!!!!!!!!!!! mild.
yeah thats the right direction
waaaaaaarmer.....
your tempurture is!!!!!!!!!!! mild.
getting warmer :)
cooolder.....
your tempurture is!!!!!!!!!!! mild.
colder....
getting warmer :)
omg you where so close with 0.46%!!!!! but sadly not this time
waaaaaaarmer.....
bro stop, this isnt the correct direction
bro stop, this isnt the correct direction
bro stop, this isnt the correct direction
dude just got owned by the js random number generater at a whoping 92.85% off from success
waaaarmer....
colder....
dude just got owned by the js random number generater at a whoping 95.22% off from success
omg you where so close with 7.54%!!!!! but sadly not this time
bro stop, this isnt the correct direction
dude, are how unlucky are you dear god
bro stop, this isnt the correct direction
cooolder.....
cooolder.....
my g what are you doing, go back to 50%<
dude, are how unlucky are you dear god
omg you where so close with 5.53%!!!!! but sadly not this time
waaaarmer....
boowomp, you got nothing
your tempurture is!!!!!!!!!!! mild.
my g what are you doing, go back to 50%<
dude, are how unlucky are you dear god
getting warmer :)
colder....
waaaaaaarmer.....
omg you where so close with 6.52%!!!!! but sadly not this time
boowomp, you got nothing
yeah thats the right direction
boowomp, you got nothing
boowomp, you got nothing
your tempurture is!!!!!!!!!!! mild.
waaaaaaarmer.....
waaaarmer....
waaaarmer....
my g what are you doing, go back to 50%<
my g what are you doing, go back to 50%<
dude, are how unlucky are you dear god
cooolder.....
getting warmer :)
yeah thats the right direction
yeah thats the right direction
cooolder.....
bro stop, this isnt the correct direction
waaaarmer....
waaaarmer....
omg you where so close with 2.68%!!!!! but sadly not this time
yeah thats the right direction
dude, are how unlucky are you dear god
dude, are how unlucky are you dear god
cooolder.....
colder....
waaaarmer....
cooolder.....
cooolder.....
omg you where so close with 1.65%!!!!! but sadly not this time
cooolder.....
dude, are how unlucky are you dear god
your tempurture is!!!!!!!!!!! mild.
boowomp, you got nothing
yeah thats the right direction
colder....
colder....
yeah thats the right direction
yeah thats the right direction
colder....
bro stop, this isnt the correct direction
bro stop, this isnt the correct direction
colder....
cooolder.....
my g what are you doing, go back to 50%<
boowomp, you got nothing
colder....
dude just got owned by the js random number generater at a whoping 94.78% off from success
my g what are you doing, go back to 50%<
bro stop, this isnt the correct direction
dude just got owned by the js random number generater at a whoping 94.80% off from success
colder....
getting warmer :)
omg you where so close with 2.12%!!!!! but sadly not this time
11:10:47 PM [vite] hmr update /src/routes/+page.svelte
11:16:19 PM [vite] page reload src/translations/en.json
bro stop, this isnt the correct direction
colder....
11:16:56 PM [vite] page reload src/translations/en.json
getting warmer :)
omg you where so close with 2.58%!!!!! but sadly not this time
waaaarmer....
your tempurture is!!!!!!!!!!! mild.
11:21:49 PM [vite] page reload src/app.html
11:21:49 PM [vite] page reload .svelte-kit/generated/server/internal.js
boowomp, you got nothing
bro stop, this isnt the correct direction
11:24:48 PM [vite] hmr update /src/lib/NavigationBar/NavigationBar.svelte?svelte&type=style&lang.css
bro stop, this isnt the correct direction
cooolder.....
omg you where so close with 6.83%!!!!! but sadly not this time
waaaaaaarmer.....
11:32:28 PM [vite] hmr update /src/routes/+page.svelte?svelte&type=style&lang.css
colder....
bro stop, this isnt the correct direction
11:35:45 PM [vite] page reload src/resources/urls.js
cooolder.....
dude, are how unlucky are you dear god
my g what are you doing, go back to 50%<
cooolder.....
11:39:07 PM [vite] hmr update /src/lib/LocalizedText/Node.svelte
getting warmer :)
waaaarmer....
dude, are how unlucky are you dear god
my g what are you doing, go back to 50%<
cooolder.....
getting warmer :)
dude, are how unlucky are you dear god
your tempurture is!!!!!!!!!!! mild.
waaaarmer....
colder....
getting warmer :)
cooolder.....
colder....
getting warmer :)
dude just got owned by the js random number generater at a whoping 97.77% off from success
cooolder.....
getting warmer :)
your tempurture is!!!!!!!!!!! mild.
dude, are how unlucky are you dear god
colder....
12:15:28 AM [vite] hmr update /src/routes/search/+page.svelte
getting warmer :)
yeah thats the right direction
omg you where so close with 6.81%!!!!! but sadly not this time
12:16:52 AM [vite] hmr update /src/routes/mystuff/+page.svelte?svelte&type=style&lang.css
12:17:40 AM [vite] hmr update /src/routes/panel/+page.svelte?svelte&type=style&lang.css
boowomp, you got nothing
your tempurture is!!!!!!!!!!! mild.
12:19:27 AM [vite] hmr update /src/routes/panel/+page.svelte?svelte&type=style&lang.css
getting warmer :)
12:20:57 AM [vite] hmr update /src/lib/Button/Button.svelte?svelte&type=style&lang.css
bro stop, this isnt the correct direction
